<?xml version="1.0" encoding="UTF-8" ?>
<testsuite failures="0" time="19.049" errors="0" skipped="0" tests="2" name="org.apache.axis2.transport.p2p.Test">
  <properties>
    <property name="java.runtime.name" value="Java(TM) SE Runtime Environment"/>
    <property name="sun.boot.library.path" value="/usr/lib/jvm/java-6-sun-1.6.0.20/jre/lib/amd64"/>
    <property name="java.vm.version" value="16.3-b01"/>
    <property name="java.vm.vendor" value="Sun Microsystems Inc."/>
    <property name="java.vendor.url" value="http://java.sun.com/"/>
    <property name="path.separator" value=":"/>
    <property name="java.vm.name" value="Java HotSpot(TM) 64-Bit Server VM"/>
    <property name="file.encoding.pkg" value="sun.io"/>
    <property name="user.country" value="IN"/>
    <property name="sun.java.launcher" value="SUN_STANDARD"/>
    <property name="sun.os.patch.level" value="unknown"/>
    <property name="java.vm.specification.name" value="Java Virtual Machine Specification"/>
    <property name="user.dir" value="/home/shelan/axis2/transport/trunk/modules/p2p"/>
    <property name="java.runtime.version" value="1.6.0_20-b02"/>
    <property name="java.awt.graphicsenv" value="sun.awt.X11GraphicsEnvironment"/>
    <property name="basedir" value="/home/shelan/axis2/transport/trunk/modules/p2p"/>
    <property name="java.endorsed.dirs" value="/usr/lib/jvm/java-6-sun-1.6.0.20/jre/lib/endorsed"/>
    <property name="os.arch" value="amd64"/>
    <property name="java.io.tmpdir" value="/tmp"/>
    <property name="line.separator" value="
"/>
    <property name="java.vm.specification.vendor" value="Sun Microsystems Inc."/>
    <property name="os.name" value="Linux"/>
    <property name="classworlds.conf" value="/home/shelan/bin/apache-maven-2.1.0//bin/m2.conf"/>
    <property name="log4j.configuration" value="file:../../log4j.properties"/>
    <property name="sun.jnu.encoding" value="UTF-8"/>
    <property name="java.library.path" value="/usr/lib/jvm/java-6-sun-1.6.0.20/jre/lib/amd64/server:/usr/lib/jvm/java-6-sun-1.6.0.20/jre/lib/amd64:/usr/lib/jvm/java-6-sun-1.6.0.20/jre/../lib/amd64:/usr/java/packages/lib/amd64:/usr/lib64:/lib64:/lib:/usr/lib"/>
    <property name="surefire.test.class.path" value="/home/shelan/axis2/transport/trunk/modules/p2p/target/test-classes:/home/shelan/axis2/transport/trunk/modules/p2p/target/classes:/home/shelan/.m2/repository/junit/junit/4.8.1/junit-4.8.1.jar:/home/shelan/.m2/repository/org/apache/axis2/axis2-transport-base/1.1.0-SNAPSHOT/axis2-transport-base-1.1.0-SNAPSHOT.jar:/home/shelan/.m2/repository/org/apache/axis2/axis2-kernel/1.5/axis2-kernel-1.5.jar:/home/shelan/.m2/repository/org/apache/ws/commons/axiom/axiom-api/1.2.8/axiom-api-1.2.8.jar:/home/shelan/.m2/repository/org/apache/geronimo/specs/geronimo-activation_1.1_spec/1.0.1/geronimo-activation_1.1_spec-1.0.1.jar:/home/shelan/.m2/repository/org/apache/geronimo/specs/geronimo-javamail_1.4_spec/1.2/geronimo-javamail_1.4_spec-1.2.jar:/home/shelan/.m2/repository/commons-logging/commons-logging/1.1.1/commons-logging-1.1.1.jar:/home/shelan/.m2/repository/jaxen/jaxen/1.1.1/jaxen-1.1.1.jar:/home/shelan/.m2/repository/org/apache/geronimo/specs/geronimo-stax-api_1.0_spec/1.0.1/geronimo-stax-api_1.0_spec-1.0.1.jar:/home/shelan/.m2/repository/org/apache/ws/commons/axiom/axiom-impl/1.2.8/axiom-impl-1.2.8.jar:/home/shelan/.m2/repository/org/codehaus/woodstox/wstx-asl/3.2.4/wstx-asl-3.2.4.jar:/home/shelan/.m2/repository/org/apache/ws/commons/axiom/axiom-dom/1.2.8/axiom-dom-1.2.8.jar:/home/shelan/.m2/repository/org/apache/geronimo/specs/geronimo-ws-metadata_2.0_spec/1.1.2/geronimo-ws-metadata_2.0_spec-1.1.2.jar:/home/shelan/.m2/repository/org/apache/geronimo/specs/geronimo-jta_1.1_spec/1.1/geronimo-jta_1.1_spec-1.1.jar:/home/shelan/.m2/repository/javax/servlet/servlet-api/2.3/servlet-api-2.3.jar:/home/shelan/.m2/repository/commons-httpclient/commons-httpclient/3.1/commons-httpclient-3.1.jar:/home/shelan/.m2/repository/commons-codec/commons-codec/1.2/commons-codec-1.2.jar:/home/shelan/.m2/repository/commons-fileupload/commons-fileupload/1.2/commons-fileupload-1.2.jar:/home/shelan/.m2/repository/wsdl4j/wsdl4j/1.6.2/wsdl4j-1.6.2.jar:/home/shelan/.m2/repository/org/apache/ws/commons/schema/XmlSchema/1.4.3/XmlSchema-1.4.3.jar:/home/shelan/.m2/repository/org/apache/neethi/neethi/2.0.4/neethi-2.0.4.jar:/home/shelan/.m2/repository/org/apache/woden/woden-api/1.0M8/woden-api-1.0M8.jar:/home/shelan/.m2/repository/org/apache/woden/woden-impl-dom/1.0M8/woden-impl-dom-1.0M8.jar:/home/shelan/.m2/repository/commons-io/commons-io/1.4/commons-io-1.4.jar:/home/shelan/.m2/repository/org/apache/ws/commons/axiom/axiom/1.2.5/axiom-1.2.5.jar:/home/shelan/.m2/repository/org/apache/axis2/axis2-transport-all/1.1.0-SNAPSHOT/axis2-transport-all-1.1.0-SNAPSHOT.jar:/home/shelan/.m2/repository/org/apache/axis2/axis2-transport-jms/1.1.0-SNAPSHOT/axis2-transport-jms-1.1.0-SNAPSHOT.jar:/home/shelan/.m2/repository/org/apache/geronimo/specs/geronimo-jms_1.1_spec/1.1/geronimo-jms_1.1_spec-1.1.jar:/home/shelan/.m2/repository/org/apache/geronimo/specs/geronimo-jta_1.0.1B_spec/1.0/geronimo-jta_1.0.1B_spec-1.0.jar:/home/shelan/.m2/repository/org/apache/axis2/axis2-transport-mail/1.1.0-SNAPSHOT/axis2-transport-mail-1.1.0-SNAPSHOT.jar:/home/shelan/.m2/repository/javax/mail/mail/1.4/mail-1.4.jar:/home/shelan/.m2/repository/javax/activation/activation/1.1/activation-1.1.jar:/home/shelan/.m2/repository/org/apache/axis2/axis2-transport-tcp/1.1.0-SNAPSHOT/axis2-transport-tcp-1.1.0-SNAPSHOT.jar:/home/shelan/.m2/repository/org/apache/axis2/axis2-transport-sms/1.1.0-SNAPSHOT/axis2-transport-sms-1.1.0-SNAPSHOT.jar:/home/shelan/.m2/repository/com/google/code/jsmpp/2.0.1/jsmpp-2.0.1.jar:/home/shelan/.m2/repository/org/slf4j/slf4j-api/1.4.3/slf4j-api-1.4.3.jar:/home/shelan/.m2/repository/org/slf4j/slf4j-log4j12/1.4.3/slf4j-log4j12-1.4.3.jar:/home/shelan/.m2/repository/log4j/log4j/1.2.14/log4j-1.2.14.jar:/home/shelan/.m2/repository/org/smslib/smslib/3.4.1/smslib-3.4.1.jar:/home/shelan/.m2/repository/org/apache/axis2/axis2-transport-xmpp/1.1.0-SNAPSHOT/axis2-transport-xmpp-1.1.0-SNAPSHOT.jar:/home/shelan/.m2/repository/org/igniterealtime/smack/3.0.4/smack-3.0.4.jar:/home/shelan/.m2/repository/org/igniterealtime/smackx/3.0.4/smackx-3.0.4.jar:/home/shelan/.m2/repository/commons-lang/commons-lang/2.3/commons-lang-2.3.jar:/home/shelan/.m2/repository/org/apache/axis2/axis2-transport-udp/1.1.0-SNAPSHOT/axis2-transport-udp-1.1.0-SNAPSHOT.jar:/home/shelan/.m2/repository/ws-commons/axiom/1.1.1/axiom-1.1.1.jar:/home/shelan/.m2/repository/org/apache/axis2/axis2-xmlbeans/SNAPSHOT/axis2-xmlbeans-SNAPSHOT.jar:/home/shelan/.m2/repository/org/apache/axis2/axis2-codegen/SNAPSHOT/axis2-codegen-SNAPSHOT.jar:/home/shelan/.m2/repository/org/apache/axis2/axis2-adb/SNAPSHOT/axis2-adb-SNAPSHOT.jar:/home/shelan/.m2/repository/org/apache/xmlbeans/xmlbeans/2.3.0/xmlbeans-2.3.0.jar:/home/shelan/.m2/repository/org/apache/ant/ant/1.7.0/ant-1.7.0.jar:/home/shelan/.m2/repository/org/apache/ant/ant-launcher/1.7.0/ant-launcher-1.7.0.jar:/home/shelan/.m2/repository/ant/ant/1.6.5/ant-1.6.5.jar:/home/shelan/.m2/repository/org/apache/axis2/axis2/SNAPSHOT/axis2-SNAPSHOT.jar:/home/shelan/.m2/repository/xalan/xalan/2.7.0/xalan-2.7.0.jar:/home/shelan/.m2/repository/rice/FreePastry/FreePastry/2.1/FreePastry-2.1.jar:/home/shelan/.m2/repository/xpp3/xpp3/1.1.3.4.O/xpp3-1.1.3.4.O.jar:/home/shelan/.m2/repository/xmlpull/xmlpull/1.1.3.4a/xmlpull-1.1.3.4a.jar:"/>
    <property name="java.specification.name" value="Java Platform API Specification"/>
    <property name="java.class.version" value="50.0"/>
    <property name="sun.management.compiler" value="HotSpot 64-Bit Server Compiler"/>
    <property name="os.version" value="2.6.32-21-generic"/>
    <property name="user.home" value="/home/shelan"/>
    <property name="user.timezone" value="Asia/Kolkata"/>
    <property name="java.awt.printerjob" value="sun.print.PSPrinterJob"/>
    <property name="java.specification.version" value="1.6"/>
    <property name="file.encoding" value="UTF-8"/>
    <property name="user.name" value="shelan"/>
    <property name="java.class.path" value="/home/shelan/bin/apache-maven-2.1.0//boot/classworlds-1.1.jar"/>
    <property name="java.vm.specification.version" value="1.0"/>
    <property name="sun.arch.data.model" value="64"/>
    <property name="java.home" value="/usr/lib/jvm/java-6-sun-1.6.0.20/jre"/>
    <property name="java.specification.vendor" value="Sun Microsystems Inc."/>
    <property name="user.language" value="en"/>
    <property name="java.vm.info" value="mixed mode"/>
    <property name="java.version" value="1.6.0_20"/>
    <property name="java.ext.dirs" value="/usr/lib/jvm/java-6-sun-1.6.0.20/jre/lib/ext:/usr/java/packages/lib/ext"/>
    <property name="sun.boot.class.path" value="/usr/lib/jvm/java-6-sun-1.6.0.20/jre/lib/resources.jar:/usr/lib/jvm/java-6-sun-1.6.0.20/jre/lib/rt.jar:/usr/lib/jvm/java-6-sun-1.6.0.20/jre/lib/sunrsasign.jar:/usr/lib/jvm/java-6-sun-1.6.0.20/jre/lib/jsse.jar:/usr/lib/jvm/java-6-sun-1.6.0.20/jre/lib/jce.jar:/usr/lib/jvm/java-6-sun-1.6.0.20/jre/lib/charsets.jar:/usr/lib/jvm/java-6-sun-1.6.0.20/jre/classes"/>
    <property name="java.vendor" value="Sun Microsystems Inc."/>
    <property name="maven.home" value="/home/shelan/bin/apache-maven-2.1.0"/>
    <property name="localRepository" value="/home/shelan/.m2/repository"/>
    <property name="file.separator" value="/"/>
    <property name="java.vendor.url.bug" value="http://java.sun.com/cgi-bin/bugreport.cgi"/>
    <property name="sun.cpu.endian" value="little"/>
    <property name="sun.io.unicode.encoding" value="UnicodeLittle"/>
    <property name="sun.desktop" value="gnome"/>
    <property name="sun.cpu.isalist" value=""/>
  </properties>
  <testcase time="10.447" name="testSendAndReceive"/>
  <testcase time="8.588" name="testFireAndForget"/>
</testsuite>